GROUP,PACKAGE,CLASS,INSTRUCTION_MISSED,INSTRUCTION_COVERED,BRANCH_MISSED,BRANCH_COVERED,LINE_MISSED,LINE_COVERED,COMPLEXITY_MISSED,COMPLEXITY_COVERED,METHOD_MISSED,METHOD_COVERED
testDavidGarrido,com.test.arreglos.testdavidgarrido.service,Arreglo,0,56,2,8,0,12,2,5,0,2
testDavidGarrido,com.test.arreglos.testdavidgarrido,TestDavidGarridoApplication,5,3,0,0,2,1,1,1,1,1
testDavidGarrido,com.test.arreglos.testdavidgarrido.exceptions,ArrayGenericException,0,6,0,0,0,2,0,1,0,1
testDavidGarrido,com.test.arreglos.testdavidgarrido.exceptions,BadParamException,0,4,0,0,0,2,0,1,0,1
testDavidGarrido,com.test.arreglos.testdavidgarrido.exceptions,WrongItemArrayException,0,4,0,0,0,2,0,1,0,1
