<?xml version="1.0" encoding="UTF-8"?>
<testsuite xmlns:xsi="http://www.w3.org/2001/XMLSchema-instance" xsi:noNamespaceSchemaLocation="https://maven.apache.org/surefire/maven-surefire-plugin/xsd/surefire-test-report.xsd" name="com.test.arreglos.testdavidgarrido.TestDavidGarridoApplicationTests" time="3.23" tests="3" errors="0" skipped="0" failures="0">
  <properties>
[...]
</properties>
  <testcase name="validarParametrosValidos" classname="com.test.arreglos.testdavidgarrido.TestDavidGarridoApplicationTests" time="0.553"/>
  <testcase name="valorEsperadoOk" classname="com.test.arreglos.testdavidgarrido.TestDavidGarridoApplicationTests" time="0.003"/>
  <testcase name="validarValoresDelArreglo" classname="com.test.arreglos.testdavidgarrido.TestDavidGarridoApplicationTests" time="0.004"/>
</testsuite>